2026-04-06 10:26:54 Question_0: When is the premiere of 'Carole King & James Taylor: Just Call Out My Name'?
2026-04-06 10:26:54 Response_0: January 2, 2022
2026-04-06 10:26:54 Ansewr_0: [['January 2 2022', 'Jan 2, 2022', 'Jan. 2, 2022', 'January 2, 2022', '2 January 2022', '2 Jan, 2022', '2 Jan., 2022', '2 January, 2022']]
2026-04-06 10:26:54 score_0: True
2026-04-06 10:26:54 Early stop Question_0 at 2 contexts.
2026-04-06 10:26:54 Question_1: The genre of the drama "Good Sam" is what?
2026-04-06 10:26:54 Response_1: Medical drama
2026-04-06 10:26:54 Ansewr_1: ['medical']
2026-04-06 10:26:54 score_1: True
2026-04-06 10:26:54 Early stop Question_1 at 2 contexts.
2026-04-06 10:26:54 Question_2: Who won the 2022 Citrus Bowl?
2026-04-06 10:26:54 Response_2: Kentucky Wildcats
2026-04-06 10:26:54 Ansewr_2: ['Kentucky Wildcats']
2026-04-06 10:26:54 score_2: True
2026-04-06 10:26:54 Early stop Question_2 at 2 contexts.
2026-04-06 10:26:54 Question_3: What position did Jason Semore hold at Valdosta State before returning to Georgia Tech?
2026-04-06 10:26:54 Response_3: Defensive coordinator
2026-04-06 10:26:54 Ansewr_3: ['defensive coordinator']
2026-04-06 10:26:54 score_3: True
2026-04-06 10:26:54 Early stop Question_3 at 2 contexts.
2026-04-06 10:26:54 Question_4: How many vehicles did Tesla deliver in 2021?
2026-04-06 10:26:54 Response_4: 936,222 vehicles
2026-04-06 10:26:54 Ansewr_4: [['936,172', '936172']]
2026-04-06 10:26:54 score_4: False
2026-04-06 10:27:03 Question_4: How many vehicles did Tesla deliver in 2021?
2026-04-06 10:27:03 Response_4: 936,000 vehicles
2026-04-06 10:27:03 Ansewr_4: [['936,172', '936172']]
2026-04-06 10:27:03 score_4: False
