2026-04-06 15:05:23 Question_0: When is the premiere of 'Carole King & James Taylor: Just Call Out My Name'?
2026-04-06 15:05:23 Response_0: January 2, 2022
2026-04-06 15:05:23 Answer_0: [['January 2 2022', 'Jan 2, 2022', 'Jan. 2, 2022', 'January 2, 2022', '2 January 2022', '2 Jan, 2022', '2 Jan., 2022', '2 January, 2022']]
2026-04-06 15:05:23 score_0: True
2026-04-06 15:05:23 Early stop Question_0 at 2 contexts.
2026-04-06 15:05:23 Question_1: The genre of the drama "Good Sam" is what?
2026-04-06 15:05:23 Response_1: Medical drama
2026-04-06 15:05:23 Answer_1: ['medical']
2026-04-06 15:05:23 score_1: True
2026-04-06 15:05:23 Early stop Question_1 at 2 contexts.
2026-04-06 15:05:23 Question_2: Who won the 2022 Citrus Bowl?
2026-04-06 15:05:23 Response_2: Kentucky Wildcats
2026-04-06 15:05:23 Answer_2: ['Kentucky Wildcats']
2026-04-06 15:05:23 score_2: True
2026-04-06 15:05:23 Early stop Question_2 at 2 contexts.
2026-04-06 15:05:23 Question_3: What position did Jason Semore hold at Valdosta State before returning to Georgia Tech?
2026-04-06 15:05:23 Response_3: Defensive coordinator
2026-04-06 15:05:23 Answer_3: ['defensive coordinator']
2026-04-06 15:05:23 score_3: True
2026-04-06 15:05:23 Early stop Question_3 at 2 contexts.
2026-04-06 15:05:23 Question_4: How many vehicles did Tesla deliver in 2021?
2026-04-06 15:05:23 Response_4: 936,222 vehicles
2026-04-06 15:05:23 Answer_4: [['936,172', '936172']]
2026-04-06 15:05:23 score_4: False
2026-04-06 15:05:23 Question_5: Which company acquired ShowBiz Cinemas?
2026-04-06 15:05:23 Response_5: Evo Entertainment Group
2026-04-06 15:05:23 Answer_5: ['EVO Entertainment Group']
2026-04-06 15:05:23 score_5: True
2026-04-06 15:05:23 Early stop Question_5 at 2 contexts.
2026-04-06 15:05:23 Question_6: Where is the Super Bowl held in 2022?
2026-04-06 15:05:23 Response_6: SoFi Stadium in Inglewood, California
2026-04-06 15:05:23 Answer_6: ['SoFi Stadium']
2026-04-06 15:05:23 score_6: True
2026-04-06 15:05:23 Early stop Question_6 at 2 contexts.
2026-04-06 15:05:23 Question_7: When will Truth Social launch on iOS?
2026-04-06 15:05:23 Response_7: Truth Social iOS app is live and available for installation on the US iOS App Store.
2026-04-06 15:05:23 Answer_7: [['February 21', 'Feb 21', 'Feb. 21', '21 February', '21 Feb', '21 Feb.']]
2026-04-06 15:05:23 score_7: False
2026-04-06 15:06:07 Question_4: How many vehicles did Tesla deliver in 2021?
2026-04-06 15:06:07 Response_4: 936,000 vehicles
2026-04-06 15:06:07 Answer_4: [['936,172', '936172']]
2026-04-06 15:06:07 score_4: False
2026-04-06 15:06:07 Question_7: When will Truth Social launch on iOS?
2026-04-06 15:06:07 Response_7: Truth Social has already launched on iOS, as indicated by references stating it is "Launched_on → Ios", "Available_on → Ios app store", and "Live and available for installation on the US iOS App Store".
2026-04-06 15:06:07 Answer_7: [['February 21', 'Feb 21', 'Feb. 21', '21 February', '21 Feb', '21 Feb.']]
2026-04-06 15:06:07 score_7: False
2026-04-06 15:06:09 Question_8: What won best drama at 79th Golden Globes?
2026-04-06 15:06:09 Response_8: The provided context does not specify what won Best Drama at the 79th Golden Globes.
2026-04-06 15:06:09 Answer_8: ['The Power of the Dog']
2026-04-06 15:06:09 score_8: False
2026-04-06 15:06:09 Question_9: How much are GA Tech softball 2022 season tickets?
2026-04-06 15:06:09 Response_9: The provided context does not specify the price of GA Tech softball 2022 season tickets.
2026-04-06 15:06:09 Answer_9: ['$100 per seat']
2026-04-06 15:06:09 score_9: False
2026-04-06 15:06:10 Question_8: What won best drama at 79th Golden Globes?
2026-04-06 15:06:10 Response_8: The Power of the Dog
2026-04-06 15:06:10 Answer_8: ['The Power of the Dog']
2026-04-06 15:06:10 score_8: True
2026-04-06 15:06:10 Early stop Question_8 at 10 contexts.
2026-04-06 15:06:10 Question_9: How much are GA Tech softball 2022 season tickets?
2026-04-06 15:06:10 Response_9: $350
2026-04-06 15:06:10 Answer_9: ['$100 per seat']
2026-04-06 15:06:10 score_9: False
